[debug] [2023-04-15T16:20:17.066Z] ----------------------------------------------------------------------
[debug] [2023-04-15T16:20:17.069Z] Command:       C:\Program Files\nodejs\node.exe C:\Program Files\nodejs\node_modules\firebase-tools\lib\bin\firebase.js deploy --only hosting,functions
[debug] [2023-04-15T16:20:17.069Z] CLI Version:   11.25.3
[debug] [2023-04-15T16:20:17.069Z] Platform:      win32
[debug] [2023-04-15T16:20:17.069Z] Node Version:  v16.19.1
[debug] [2023-04-15T16:20:17.070Z] Time:          Sat Apr 15 2023 19:20:17 GMT+0300 (Israel Daylight Time)
[debug] [2023-04-15T16:20:17.071Z] ----------------------------------------------------------------------
[debug] 
[debug] [2023-04-15T16:20:17.144Z] > command requires scopes: ["email","openid","https://www.googleapis.com/auth/cloudplatformprojects.readonly","https://www.googleapis.com/auth/firebase","https://www.googleapis.com/auth/cloud-platform"]
[debug] [2023-04-15T16:20:17.144Z] > authorizing via signed-in user (hilel1011@gmail.com)
[debug] [2023-04-15T16:20:17.144Z] [iam] checking project flying-pizzaa for permissions ["cloudfunctions.functions.create","cloudfunctions.functions.delete","cloudfunctions.functions.get","cloudfunctions.functions.list","cloudfunctions.functions.update","cloudfunctions.operations.get","firebase.projects.get","firebasehosting.sites.update"]
[debug] [2023-04-15T16:20:17.145Z] > refreshing access token with scopes: []
[debug] [2023-04-15T16:20:17.147Z] >>> [apiv2][query] POST https://www.googleapis.com/oauth2/v3/token [none]
[debug] [2023-04-15T16:20:17.147Z] >>> [apiv2][body] POST https://www.googleapis.com/oauth2/v3/token [omitted]
[debug] [2023-04-15T16:20:17.428Z] <<< [apiv2][status] POST https://www.googleapis.com/oauth2/v3/token 200
[debug] [2023-04-15T16:20:17.428Z] <<< [apiv2][body] POST https://www.googleapis.com/oauth2/v3/token [omitted]
[debug] [2023-04-15T16:20:17.455Z] >>> [apiv2][query] POST https://cloudresourcemanager.googleapis.com/v1/projects/flying-pizzaa:testIamPermissions [none]
[debug] [2023-04-15T16:20:17.456Z] >>> [apiv2][(partial)header] POST https://cloudresourcemanager.googleapis.com/v1/projects/flying-pizzaa:testIamPermissions x-goog-quota-user=projects/flying-pizzaa
[debug] [2023-04-15T16:20:17.456Z] >>> [apiv2][body] POST https://cloudresourcemanager.googleapis.com/v1/projects/flying-pizzaa:testIamPermissions {"permissions":["cloudfunctions.functions.create","cloudfunctions.functions.delete","cloudfunctions.functions.get","cloudfunctions.functions.list","cloudfunctions.functions.update","cloudfunctions.operations.get","firebase.projects.get","firebasehosting.sites.update"]}
[debug] [2023-04-15T16:20:18.399Z] <<< [apiv2][status] POST https://cloudresourcemanager.googleapis.com/v1/projects/flying-pizzaa:testIamPermissions 200
[debug] [2023-04-15T16:20:18.399Z] <<< [apiv2][body] POST https://cloudresourcemanager.googleapis.com/v1/projects/flying-pizzaa:testIamPermissions {"permissions":["cloudfunctions.functions.create","cloudfunctions.functions.delete","cloudfunctions.functions.get","cloudfunctions.functions.list","cloudfunctions.functions.update","cloudfunctions.operations.get","firebase.projects.get","firebasehosting.sites.update"]}
[debug] [2023-04-15T16:20:18.399Z] >>> [apiv2][query] POST https://iam.googleapis.com/v1/projects/flying-pizzaa/serviceAccounts/flying-pizzaa@appspot.gserviceaccount.com:testIamPermissions [none]
[debug] [2023-04-15T16:20:18.400Z] >>> [apiv2][body] POST https://iam.googleapis.com/v1/projects/flying-pizzaa/serviceAccounts/flying-pizzaa@appspot.gserviceaccount.com:testIamPermissions {"permissions":["iam.serviceAccounts.actAs"]}
[debug] [2023-04-15T16:20:18.813Z] <<< [apiv2][status] POST https://iam.googleapis.com/v1/projects/flying-pizzaa/serviceAccounts/flying-pizzaa@appspot.gserviceaccount.com:testIamPermissions 200
[debug] [2023-04-15T16:20:18.813Z] <<< [apiv2][body] POST https://iam.googleapis.com/v1/projects/flying-pizzaa/serviceAccounts/flying-pizzaa@appspot.gserviceaccount.com:testIamPermissions {"permissions":["iam.serviceAccounts.actAs"]}
[debug] [2023-04-15T16:20:18.814Z] >>> [apiv2][query] GET https://firebase.googleapis.com/v1beta1/projects/flying-pizzaa [none]
[debug] [2023-04-15T16:20:19.210Z] <<< [apiv2][status] GET https://firebase.googleapis.com/v1beta1/projects/flying-pizzaa 200
[debug] [2023-04-15T16:20:19.210Z] <<< [apiv2][body] GET https://firebase.googleapis.com/v1beta1/projects/flying-pizzaa {"projectId":"flying-pizzaa","projectNumber":"642571995309","displayName":"flying-pizzaa","name":"projects/flying-pizzaa","resources":{"hostingSite":"flying-pizzaa","storageBucket":"flying-pizzaa.appspot.com","locationId":"europe-west"},"state":"ACTIVE","etag":"1_b6ebb121-8607-4bb8-b711-0f73bce93b07"}
[info] 
[info] === Deploying to 'flying-pizzaa'...
[info] 
[info] i  deploying functions, hosting 
[debug] [2023-04-15T16:20:19.212Z] >>> [apiv2][query] GET https://firebase.googleapis.com/v1beta1/projects/flying-pizzaa [none]
[debug] [2023-04-15T16:20:19.634Z] <<< [apiv2][status] GET https://firebase.googleapis.com/v1beta1/projects/flying-pizzaa 200
[debug] [2023-04-15T16:20:19.634Z] <<< [apiv2][body] GET https://firebase.googleapis.com/v1beta1/projects/flying-pizzaa {"projectId":"flying-pizzaa","projectNumber":"642571995309","displayName":"flying-pizzaa","name":"projects/flying-pizzaa","resources":{"hostingSite":"flying-pizzaa","storageBucket":"flying-pizzaa.appspot.com","locationId":"europe-west"},"state":"ACTIVE","etag":"1_b6ebb121-8607-4bb8-b711-0f73bce93b07"}
[info] i  functions: preparing codebase default for deployment 
[info] i  functions: ensuring required API cloudfunctions.googleapis.com is enabled... 
[info] i  functions: ensuring required API cloudbuild.googleapis.com is enabled... 
[info] i  artifactregistry: ensuring required API artifactregistry.googleapis.com is enabled... 
[debug] [2023-04-15T16:20:19.636Z] >>> [apiv2][query] GET https://serviceusage.googleapis.com/v1/projects/flying-pizzaa/services/cloudfunctions.googleapis.com [none]
[debug] [2023-04-15T16:20:19.636Z] >>> [apiv2][(partial)header] GET https://serviceusage.googleapis.com/v1/projects/flying-pizzaa/services/cloudfunctions.googleapis.com x-goog-quota-user=projects/flying-pizzaa
[debug] [2023-04-15T16:20:19.637Z] >>> [apiv2][query] GET https://serviceusage.googleapis.com/v1/projects/flying-pizzaa/services/runtimeconfig.googleapis.com [none]
[debug] [2023-04-15T16:20:19.637Z] >>> [apiv2][(partial)header] GET https://serviceusage.googleapis.com/v1/projects/flying-pizzaa/services/runtimeconfig.googleapis.com x-goog-quota-user=projects/flying-pizzaa
[debug] [2023-04-15T16:20:19.637Z] >>> [apiv2][query] GET https://serviceusage.googleapis.com/v1/projects/flying-pizzaa/services/cloudbuild.googleapis.com [none]
[debug] [2023-04-15T16:20:19.638Z] >>> [apiv2][(partial)header] GET https://serviceusage.googleapis.com/v1/projects/flying-pizzaa/services/cloudbuild.googleapis.com x-goog-quota-user=projects/flying-pizzaa
[debug] [2023-04-15T16:20:19.638Z] >>> [apiv2][query] GET https://serviceusage.googleapis.com/v1/projects/flying-pizzaa/services/artifactregistry.googleapis.com [none]
[debug] [2023-04-15T16:20:19.638Z] >>> [apiv2][(partial)header] GET https://serviceusage.googleapis.com/v1/projects/flying-pizzaa/services/artifactregistry.googleapis.com x-goog-quota-user=projects/flying-pizzaa
[debug] [2023-04-15T16:20:20.706Z] <<< [apiv2][status] GET https://serviceusage.googleapis.com/v1/projects/flying-pizzaa/services/cloudfunctions.googleapis.com 200
[debug] [2023-04-15T16:20:20.706Z] <<< [apiv2][body] GET https://serviceusage.googleapis.com/v1/projects/flying-pizzaa/services/cloudfunctions.googleapis.com [omitted]
[info] +  functions: required API cloudfunctions.googleapis.com is enabled 
[debug] [2023-04-15T16:20:20.753Z] <<< [apiv2][status] GET https://serviceusage.googleapis.com/v1/projects/flying-pizzaa/services/artifactregistry.googleapis.com 200
[debug] [2023-04-15T16:20:20.753Z] <<< [apiv2][body] GET https://serviceusage.googleapis.com/v1/projects/flying-pizzaa/services/artifactregistry.googleapis.com [omitted]
[info] +  artifactregistry: required API artifactregistry.googleapis.com is enabled 
[debug] [2023-04-15T16:20:20.758Z] <<< [apiv2][status] GET https://serviceusage.googleapis.com/v1/projects/flying-pizzaa/services/runtimeconfig.googleapis.com 200
[debug] [2023-04-15T16:20:20.758Z] <<< [apiv2][body] GET https://serviceusage.googleapis.com/v1/projects/flying-pizzaa/services/runtimeconfig.googleapis.com [omitted]
[debug] [2023-04-15T16:20:20.763Z] <<< [apiv2][status] GET https://serviceusage.googleapis.com/v1/projects/flying-pizzaa/services/cloudbuild.googleapis.com 200
[debug] [2023-04-15T16:20:20.763Z] <<< [apiv2][body] GET https://serviceusage.googleapis.com/v1/projects/flying-pizzaa/services/cloudbuild.googleapis.com [omitted]
[info] +  functions: required API cloudbuild.googleapis.com is enabled 
[debug] [2023-04-15T16:20:20.763Z] >>> [apiv2][query] GET https://firebase.googleapis.com/v1beta1/projects/flying-pizzaa/adminSdkConfig [none]
[debug] [2023-04-15T16:20:21.455Z] <<< [apiv2][status] GET https://firebase.googleapis.com/v1beta1/projects/flying-pizzaa/adminSdkConfig 200
[debug] [2023-04-15T16:20:21.455Z] <<< [apiv2][body] GET https://firebase.googleapis.com/v1beta1/projects/flying-pizzaa/adminSdkConfig {"projectId":"flying-pizzaa","storageBucket":"flying-pizzaa.appspot.com","locationId":"europe-west"}
[debug] [2023-04-15T16:20:21.456Z] >>> [apiv2][query] GET https://runtimeconfig.googleapis.com/v1beta1/projects/flying-pizzaa/configs [none]
[debug] [2023-04-15T16:20:22.699Z] <<< [apiv2][status] GET https://runtimeconfig.googleapis.com/v1beta1/projects/flying-pizzaa/configs 200
[debug] [2023-04-15T16:20:22.699Z] <<< [apiv2][body] GET https://runtimeconfig.googleapis.com/v1beta1/projects/flying-pizzaa/configs {}
[debug] [2023-04-15T16:20:22.702Z] Validating nodejs source
[debug] [2023-04-15T16:20:23.691Z] > [functions] package.json contents: {
  "name": "@flying-pizza/backend/api",
  "version": "0.0.0",
  "license": "MIT",
  "scripts": {},
  "private": true,
  "main": "main.js",
  "engines": {
    "node": "16"
  },
  "dependencies": {
    "@nestjs/common": "^9.0.0",
    "@nestjs/core": "^9.0.0",
    "@nestjs/mapped-types": "*",
    "@nestjs/passport": "^9.0.3",
    "@nestjs/platform-express": "^9.0.0",
    "express-session": "^1.17.3",
    "firebase-admin": "^11.6.0",
    "firebase-functions": "^4.3.0",
    "lorem-picsum": "^1.0.0",
    "passport": "^0.6.0",
    "passport-jwt": "^4.0.1",
    "rxjs": "~7.8.0"
  }
}
[debug] [2023-04-15T16:20:23.692Z] Building nodejs source
[debug] [2023-04-15T16:20:23.692Z] Could not find functions.yaml. Must use http discovery
[debug] [2023-04-15T16:20:23.700Z] Found firebase-functions binary at 'D:\git\flying-pizza\node_modules\.bin\firebase-functions'
[debug] [2023-04-15T16:20:23.957Z] Serving at port 8267

[debug] [2023-04-15T16:20:25.014Z] [Nest] 32412  - 15/04/2023, 19:20:25     LOG [Port] 8267

[debug] [2023-04-15T16:20:25.018Z] Got response from /__/functions.yaml {"endpoints":{"api":{"platform":"gcfv1","availableMemoryMb":null,"timeoutSeconds":null,"minInstances":null,"maxInstances":null,"ingressSettings":null,"serviceAccountEmail":null,"vpc":null,"region":["europe-west1"],"httpsTrigger":{},"entryPoint":"api"}},"specVersion":"v1alpha1","requiredAPIs":[]}
[debug] [2023-04-15T16:20:25.024Z] shutdown requested via /__/quitquitquit

[info] i  functions: preparing dist/apps/backend/api directory for uploading... 
[info] i  functions: packaged D:\git\flying-pizza\dist\apps\backend\api (24.2 KB) for uploading 
[debug] [2023-04-15T16:20:25.081Z] >>> [apiv2][query] GET https://cloudfunctions.googleapis.com/v1/projects/flying-pizzaa/locations/-/functions [none]
[debug] [2023-04-15T16:20:25.833Z] <<< [apiv2][status] GET https://cloudfunctions.googleapis.com/v1/projects/flying-pizzaa/locations/-/functions 200
[debug] [2023-04-15T16:20:25.834Z] <<< [apiv2][body] GET https://cloudfunctions.googleapis.com/v1/projects/flying-pizzaa/locations/-/functions {"functions":[{"name":"projects/flying-pizzaa/locations/europe-west1/functions/api","httpsTrigger":{"url":"https://europe-west1-flying-pizzaa.cloudfunctions.net/api","securityLevel":"SECURE_ALWAYS"},"status":"ACTIVE","entryPoint":"api","timeout":"60s","availableMemoryMb":256,"serviceAccountEmail":"flying-pizzaa@appspot.gserviceaccount.com","updateTime":"2023-04-15T15:35:30.050Z","versionId":"4","labels":{"deployment-tool":"cli-firebase","firebase-functions-hash":"3633ba8661fa87e24b8a0cdfadf9c4f21454a3b4"},"sourceUploadUrl":"https://storage.googleapis.com/uploads-779767178154.europe-west1.cloudfunctions.appspot.com/761bc787-479d-4eae-9eda-b8e5ed6fa5dc.zip","environmentVariables":{"FIREBASE_CONFIG":"{\"projectId\":\"flying-pizzaa\",\"storageBucket\":\"flying-pizzaa.appspot.com\",\"locationId\":\"europe-west\"}","GCLOUD_PROJECT":"flying-pizzaa","EVENTARC_CLOUD_EVENT_SOURCE":"projects/flying-pizzaa/locations/europe-west1/functions/api"},"runtime":"nodejs16","ingressSettings":"ALLOW_ALL","buildId":"168c6de2-e707-4b4b-8af3-4481060e9bc7","buildName":"projects/642571995309/locations/europe-west1/builds/168c6de2-e707-4b4b-8af3-4481060e9bc7","dockerRegistry":"ARTIFACT_REGISTRY"}]}
[debug] [2023-04-15T16:20:25.834Z] >>> [apiv2][query] GET https://cloudfunctions.googleapis.com/v2/projects/flying-pizzaa/locations/-/functions filter=environment%3D%22GEN_2%22
[debug] [2023-04-15T16:20:27.060Z] <<< [apiv2][status] GET https://cloudfunctions.googleapis.com/v2/projects/flying-pizzaa/locations/-/functions 200
[debug] [2023-04-15T16:20:27.061Z] <<< [apiv2][body] GET https://cloudfunctions.googleapis.com/v2/projects/flying-pizzaa/locations/-/functions {}
[debug] [2023-04-15T16:20:27.065Z] >>> [apiv2][query] GET https://firebase.googleapis.com/v1beta1/projects/flying-pizzaa [none]
[debug] [2023-04-15T16:20:27.439Z] <<< [apiv2][status] GET https://firebase.googleapis.com/v1beta1/projects/flying-pizzaa 200
[debug] [2023-04-15T16:20:27.439Z] <<< [apiv2][body] GET https://firebase.googleapis.com/v1beta1/projects/flying-pizzaa {"projectId":"flying-pizzaa","projectNumber":"642571995309","displayName":"flying-pizzaa","name":"projects/flying-pizzaa","resources":{"hostingSite":"flying-pizzaa","storageBucket":"flying-pizzaa.appspot.com","locationId":"europe-west"},"state":"ACTIVE","etag":"1_b6ebb121-8607-4bb8-b711-0f73bce93b07"}
[debug] [2023-04-15T16:20:27.442Z] >>> [apiv2][query] POST https://firebasehosting.googleapis.com/v1beta1/projects/-/sites/flying-pizzaa/versions [none]
[debug] [2023-04-15T16:20:27.442Z] >>> [apiv2][body] POST https://firebasehosting.googleapis.com/v1beta1/projects/-/sites/flying-pizzaa/versions {"status":"CREATED","labels":{"deployment-tool":"cli-firebase"}}
[debug] [2023-04-15T16:20:28.863Z] <<< [apiv2][status] POST https://firebasehosting.googleapis.com/v1beta1/projects/-/sites/flying-pizzaa/versions 200
[debug] [2023-04-15T16:20:28.864Z] <<< [apiv2][body] POST https://firebasehosting.googleapis.com/v1beta1/projects/-/sites/flying-pizzaa/versions {"name":"projects/642571995309/sites/flying-pizzaa/versions/b3efe25ceec440e7","status":"CREATED","config":{},"labels":{"deployment-tool":"cli-firebase"}}
[debug] [2023-04-15T16:20:28.864Z] >>> [apiv2][query] POST https://cloudfunctions.googleapis.com/v1/projects/flying-pizzaa/locations/europe-west1/functions:generateUploadUrl [none]
[debug] [2023-04-15T16:20:28.864Z] >>> [apiv2][body] POST https://cloudfunctions.googleapis.com/v1/projects/flying-pizzaa/locations/europe-west1/functions:generateUploadUrl {}
[debug] [2023-04-15T16:20:29.872Z] <<< [apiv2][status] POST https://cloudfunctions.googleapis.com/v1/projects/flying-pizzaa/locations/europe-west1/functions:generateUploadUrl 200
[debug] [2023-04-15T16:20:29.872Z] <<< [apiv2][body] POST https://cloudfunctions.googleapis.com/v1/projects/flying-pizzaa/locations/europe-west1/functions:generateUploadUrl {"uploadUrl":"https://storage.googleapis.com/uploads-779767178154.europe-west1.cloudfunctions.appspot.com/01a2800a-13d3-4bbd-a4df-998da51ec442.zip?GoogleAccessId=service-642571995309@gcf-admin-robot.iam.gserviceaccount.com&Expires=1681577431&Signature=KX0%2Bqq5akZQHgy0I47RvarsByhcwM3eHvM2YaeQDlcJ1edUD8luKHmcNui%2FV9PoGiWttyPhFsKfmVKNK3if601ajFrWRUstxGvQtDmIuy8TbM0pznaw4JQ6dboN%2FnUmtM4JQFN77R2itkoPHrjkQ0UFXp5cyvS6LJiEbLJawUt8tqPdlX78m9wLzdpjKsHNo2olASXvVkPt2BtaFymUXw4yM6zi6UPgm0iJIzfm4RJFUBKKtvJpSlnsfMbgaYNC6mff%2FGNJf3J5pp0a%2BIdhvAw1TNV72U9RxEIAS9hW8RHR8WKHcGFeaPyhEbT2DDK%2FIwbwIGI2Eu%2Bum%2FYA02xoIYg%3D%3D"}
[debug] [2023-04-15T16:20:29.872Z] >>> [apiv2][query] PUT https://storage.googleapis.com/uploads-779767178154.europe-west1.cloudfunctions.appspot.com/01a2800a-13d3-4bbd-a4df-998da51ec442.zip GoogleAccessId=service-642571995309%40gcf-admin-robot.iam.gserviceaccount.com&Expires=1681577431&Signature=KX0%2Bqq5akZQHgy0I47RvarsByhcwM3eHvM2YaeQDlcJ1edUD8luKHmcNui%2FV9PoGiWttyPhFsKfmVKNK3if601ajFrWRUstxGvQtDmIuy8TbM0pznaw4JQ6dboN%2FnUmtM4JQFN77R2itkoPHrjkQ0UFXp5cyvS6LJiEbLJawUt8tqPdlX78m9wLzdpjKsHNo2olASXvVkPt2BtaFymUXw4yM6zi6UPgm0iJIzfm4RJFUBKKtvJpSlnsfMbgaYNC6mff%2FGNJf3J5pp0a%2BIdhvAw1TNV72U9RxEIAS9hW8RHR8WKHcGFeaPyhEbT2DDK%2FIwbwIGI2Eu%2Bum%2FYA02xoIYg%3D%3D
[debug] [2023-04-15T16:20:29.872Z] >>> [apiv2][body] PUT https://storage.googleapis.com/uploads-779767178154.europe-west1.cloudfunctions.appspot.com/01a2800a-13d3-4bbd-a4df-998da51ec442.zip [stream]
[debug] [2023-04-15T16:20:30.251Z] <<< [apiv2][status] PUT https://storage.googleapis.com/uploads-779767178154.europe-west1.cloudfunctions.appspot.com/01a2800a-13d3-4bbd-a4df-998da51ec442.zip 200
[debug] [2023-04-15T16:20:30.251Z] <<< [apiv2][body] PUT https://storage.googleapis.com/uploads-779767178154.europe-west1.cloudfunctions.appspot.com/01a2800a-13d3-4bbd-a4df-998da51ec442.zip [omitted]
[info] +  functions: dist/apps/backend/api folder uploaded successfully 
[info] i  hosting[flying-pizzaa]: beginning deploy... 
[info] i  hosting[flying-pizzaa]: found 75 files in dist/apps 
[debug] [2023-04-15T16:20:30.291Z] [hosting] uploading with 200 concurrency
[debug] [2023-04-15T16:20:30.389Z] [hosting] hash cache [ZGlzdFxhcHBz] stored for 75 files
[debug] [2023-04-15T16:20:30.390Z] [hosting][hash queue][FINAL] {"max":77,"min":0,"avg":11.519333177856378,"active":0,"complete":75,"success":75,"errored":0,"retried":0,"total":75,"elapsed":97}
[debug] [2023-04-15T16:20:30.390Z] >>> [apiv2][query] POST https://firebasehosting.googleapis.com/v1beta1/projects/642571995309/sites/flying-pizzaa/versions/b3efe25ceec440e7:populateFiles [none]
[debug] [2023-04-15T16:20:30.390Z] >>> [apiv2][body] POST https://firebasehosting.googleapis.com/v1beta1/projects/642571995309/sites/flying-pizzaa/versions/b3efe25ceec440e7:populateFiles {"files":{"/frontend/en/polyfills.794d7387aea30963.js":"26933770a1dc464fabfa42d6d907eccafdcd1cf675f480dbc0ccfaefe3fa2d25","/frontend/en/runtime.89bfad0fe920d2c9.js":"cd0b8afb99b5eb3cdc0f28a5ce0d820641f47226f2dee5150bd56436ca3c4804","/frontend/en/main.4213c095ca5b1cfc.js":"be0135cda6d3b37269213d2fcd741ffa8d7a8f91872d1e3a6080006407f15a8b","/frontend/en/3rdpartylicenses.txt":"382fa610808518a222f0b87586b519c05cc545adbbe97c0bd02e2eee7fc2e4e8","/frontend/en/styles.db52b733aa5fbcd7.css":"3cc15c7c28296435b46c5091e517a32feb9e977585e98d131a8511feb55a3ffa","/frontend/en/favicon.ico":"c75402eb86e9fb52cab99cf49b5efcd20448db4db1250216a9e1fdcc2244b6a9","/frontend/en/index.html":"a3ef5c29e0fe8d010b04c97704958639e11dae11ae94cffb40a4d0d04a9920c0","/frontend/en/assets/en-us.png":"1dd790b47d5ba85b5aa6dceebca4d78e695fe76fded3873f5b206857415eeb0a","/frontend/en/assets/google-g-logo.svg":"d28d024cc232794d11c9c4a5e134af82eea19b6fd8ab88c700eb3bdaf95d65dc","/frontend/en/assets/he.png":"4589e38efaa6d7fe155909ca62ab7c387aa71ca0ceb8aba3594e3499376950df","/frontend/en/assets/no-img-female.jpeg":"ca2fbe8252dd8f115a6b1ed69398d7c20de29d8f1ce01f3a2ae3d26b35690489","/frontend/en/assets/no-img-male.jpeg":"80fe379c5a7de07d6b3835dc92c59575614a8db637a43a2ea7b4ef5514a9e059","/frontend/he/polyfills.794d7387aea30963.js":"26933770a1dc464fabfa42d6d907eccafdcd1cf675f480dbc0ccfaefe3fa2d25","/frontend/he/runtime.89bfad0fe920d2c9.js":"cd0b8afb99b5eb3cdc0f28a5ce0d820641f47226f2dee5150bd56436ca3c4804","/frontend/he/main.4213c095ca5b1cfc.js":"dabf0240a84c1b487db797a9a2645c7d26d297698fe5e247f36126566d07a3d7","/frontend/he/3rdpartylicenses.txt":"382fa610808518a222f0b87586b519c05cc545adbbe97c0bd02e2eee7fc2e4e8","/frontend/he/styles.db52b733aa5fbcd7.css":"3cc15c7c28296435b46c5091e517a32feb9e977585e98d131a8511feb55a3ffa","/frontend/he/favicon.ico":"c75402eb86e9fb52cab99cf49b5efcd20448db4db1250216a9e1fdcc2244b6a9","/frontend/he/index.html":"1224872356c5783137da891eef5ad2392af4bd06706f38f45602fd8f876c5198","/frontend/he/assets/en-us.png":"1dd790b47d5ba85b5aa6dceebca4d78e695fe76fded3873f5b206857415eeb0a","/frontend/he/assets/google-g-logo.svg":"d28d024cc232794d11c9c4a5e134af82eea19b6fd8ab88c700eb3bdaf95d65dc","/frontend/he/assets/he.png":"4589e38efaa6d7fe155909ca62ab7c387aa71ca0ceb8aba3594e3499376950df","/frontend/he/assets/no-img-female.jpeg":"ca2fbe8252dd8f115a6b1ed69398d7c20de29d8f1ce01f3a2ae3d26b35690489","/frontend/he/assets/no-img-male.jpeg":"80fe379c5a7de07d6b3835dc92c59575614a8db637a43a2ea7b4ef5514a9e059","/app/en/favicon.ico":"c75402eb86e9fb52cab99cf49b5efcd20448db4db1250216a9e1fdcc2244b6a9","/app/en/assets/en-us.png":"1dd790b47d5ba85b5aa6dceebca4d78e695fe76fded3873f5b206857415eeb0a","/app/en/assets/google-g-logo.svg":"d28d024cc232794d11c9c4a5e134af82eea19b6fd8ab88c700eb3bdaf95d65dc","/app/en/assets/he.png":"4589e38efaa6d7fe155909ca62ab7c387aa71ca0ceb8aba3594e3499376950df","/app/en/assets/no-img-female.jpeg":"ca2fbe8252dd8f115a6b1ed69398d7c20de29d8f1ce01f3a2ae3d26b35690489","/app/en/assets/no-img-male.jpeg":"80fe379c5a7de07d6b3835dc92c59575614a8db637a43a2ea7b4ef5514a9e059","/app/he/favicon.ico":"c75402eb86e9fb52cab99cf49b5efcd20448db4db1250216a9e1fdcc2244b6a9","/app/he/assets/en-us.png":"1dd790b47d5ba85b5aa6dceebca4d78e695fe76fded3873f5b206857415eeb0a","/app/he/assets/google-g-logo.svg":"d28d024cc232794d11c9c4a5e134af82eea19b6fd8ab88c700eb3bdaf95d65dc","/app/he/assets/he.png":"4589e38efaa6d7fe155909ca62ab7c387aa71ca0ceb8aba3594e3499376950df","/app/he/assets/no-img-female.jpeg":"ca2fbe8252dd8f115a6b1ed69398d7c20de29d8f1ce01f3a2ae3d26b35690489","/app/he/assets/no-img-male.jpeg":"80fe379c5a7de07d6b3835dc92c59575614a8db637a43a2ea7b4ef5514a9e059","/admin/en/favicon.ico":"c75402eb86e9fb52cab99cf49b5efcd20448db4db1250216a9e1fdcc2244b6a9","/admin/en/assets/en-us.png":"1dd790b47d5ba85b5aa6dceebca4d78e695fe76fded3873f5b206857415eeb0a","/admin/en/assets/google-g-logo.svg":"d28d024cc232794d11c9c4a5e134af82eea19b6fd8ab88c700eb3bdaf95d65dc","/admin/en/assets/he.png":"4589e38efaa6d7fe155909ca62ab7c387aa71ca0ceb8aba3594e3499376950df","/admin/en/assets/no-img-female.jpeg":"ca2fbe8252dd8f115a6b1ed69398d7c20de29d8f1ce01f3a2ae3d26b35690489","/admin/en/assets/no-img-male.jpeg":"80fe379c5a7de07d6b3835dc92c59575614a8db637a43a2ea7b4ef5514a9e059","/admin/he/favicon.ico":"c75402eb86e9fb52cab99cf49b5efcd20448db4db1250216a9e1fdcc2244b6a9","/admin/he/assets/en-us.png":"1dd790b47d5ba85b5aa6dceebca4d78e695fe76fded3873f5b206857415eeb0a","/admin/he/assets/google-g-logo.svg":"d28d024cc232794d11c9c4a5e134af82eea19b6fd8ab88c700eb3bdaf95d65dc","/admin/he/assets/he.png":"4589e38efaa6d7fe155909ca62ab7c387aa71ca0ceb8aba3594e3499376950df","/admin/he/assets/no-img-female.jpeg":"ca2fbe8252dd8f115a6b1ed69398d7c20de29d8f1ce01f3a2ae3d26b35690489","/admin/he/assets/no-img-male.jpeg":"80fe379c5a7de07d6b3835dc92c59575614a8db637a43a2ea7b4ef5514a9e059","/pizza-api/package.json":"1bef20a4c253c553bc9921093c070623f904ed4bc38f8ed1c924ca6adee97505","/app/en/runtime.89bfad0fe920d2c9.js":"cd0b8afb99b5eb3cdc0f28a5ce0d820641f47226f2dee5150bd56436ca3c4804","/app/en/polyfills.794d7387aea30963.js":"26933770a1dc464fabfa42d6d907eccafdcd1cf675f480dbc0ccfaefe3fa2d25","/pizza-api/main.js":"9a3bb91a35242d3d306424b6f941f5629952f8491519c652eade4827589ce727","/app/en/3rdpartylicenses.txt":"382fa610808518a222f0b87586b519c05cc545adbbe97c0bd02e2eee7fc2e4e8","/app/en/index.html":"2932a68f7aa56f823db7a3884a06413fca607ec1bdf222b5c33d8c71a2a33471","/pizza-api/main.js.map":"c63e7df0b5816fac68080da3367d94192ade09d0b8855545ab414fb46311ebcb","/app/he/runtime.89bfad0fe920d2c9.js":"cd0b8afb99b5eb3cdc0f28a5ce0d820641f47226f2dee5150bd56436ca3c4804","/app/he/index.html":"1242098f6af7c9ba2b392cc08fe84f7ef8d90ea51ed30385cd944c8c084ad28e","/app/he/polyfills.794d7387aea30963.js":"26933770a1dc464fabfa42d6d907eccafdcd1cf675f480dbc0ccfaefe3fa2d25","/app/he/3rdpartylicenses.txt":"382fa610808518a222f0b87586b519c05cc545adbbe97c0bd02e2eee7fc2e4e8","/admin/en/runtime.03aa7376ffa2b8a3.js":"78059eb91a6cc58aefe54d21535bd67b98370f1698bb2864e5cc27f60d840031","/admin/en/3rdpartylicenses.txt":"830d3d88f0bdf19bd5d8539b1906b93426a25dc2c2010d03e24e794fb2d8149b","/admin/en/polyfills.6fad4cf4ddc4056d.js":"0b416dffec3c8170b5b4ae0bb835ff68a38a282bcfd77128d5b75a6b047fd44e","/admin/en/index.html":"41277846e3a750f77872acbd04d43bc544e8c688a6df57f8ac8984565072193b","/admin/he/runtime.03aa7376ffa2b8a3.js":"78059eb91a6cc58aefe54d21535bd67b98370f1698bb2864e5cc27f60d840031","/admin/he/polyfills.6fad4cf4ddc4056d.js":"0b416dffec3c8170b5b4ae0bb835ff68a38a282bcfd77128d5b75a6b047fd44e","/admin/he/3rdpartylicenses.txt":"830d3d88f0bdf19bd5d8539b1906b93426a25dc2c2010d03e24e794fb2d8149b","/admin/he/index.html":"43087217df20d0201a09d66ce7e5f14111999ecd913082fdd9472e29b1900c26","/app/en/styles.db52b733aa5fbcd7.css":"3cc15c7c28296435b46c5091e517a32feb9e977585e98d131a8511feb55a3ffa","/app/he/styles.db52b733aa5fbcd7.css":"3cc15c7c28296435b46c5091e517a32feb9e977585e98d131a8511feb55a3ffa","/admin/en/styles.db52b733aa5fbcd7.css":"3cc15c7c28296435b46c5091e517a32feb9e977585e98d131a8511feb55a3ffa","/app/en/main.4213c095ca5b1cfc.js":"be0135cda6d3b37269213d2fcd741ffa8d7a8f91872d1e3a6080006407f15a8b","/admin/he/styles.db52b733aa5fbcd7.css":"3cc15c7c28296435b46c5091e517a32feb9e977585e98d131a8511feb55a3ffa","/app/he/main.4213c095ca5b1cfc.js":"dabf0240a84c1b487db797a9a2645c7d26d297698fe5e247f36126566d07a3d7","/admin/en/main.651f65f42faec3ba.js":"e5a7ef9f3f69d00d01fab1ae242d6dbabacd9d17776f5ef880df91365a65d0ad","/admin/he/main.651f65f42faec3ba.js":"61f013ab1f064b3eb2f8e7c9be6f203b5d28416af5fe1cdce30979601f4464ae"}}
[debug] [2023-04-15T16:20:31.514Z] <<< [apiv2][status] POST https://firebasehosting.googleapis.com/v1beta1/projects/642571995309/sites/flying-pizzaa/versions/b3efe25ceec440e7:populateFiles 200
[debug] [2023-04-15T16:20:31.514Z] <<< [apiv2][body] POST https://firebasehosting.googleapis.com/v1beta1/projects/642571995309/sites/flying-pizzaa/versions/b3efe25ceec440e7:populateFiles {"uploadRequiredHashes":["9a3bb91a35242d3d306424b6f941f5629952f8491519c652eade4827589ce727","c63e7df0b5816fac68080da3367d94192ade09d0b8855545ab414fb46311ebcb"],"uploadUrl":"https://upload-firebasehosting.googleapis.com/upload/sites/flying-pizzaa/versions/b3efe25ceec440e7/files"}
[debug] [2023-04-15T16:20:31.515Z] >>> [apiv2][query] POST https://upload-firebasehosting.googleapis.com/upload/sites/flying-pizzaa/versions/b3efe25ceec440e7/files/9a3bb91a35242d3d306424b6f941f5629952f8491519c652eade4827589ce727 [none]
[debug] [2023-04-15T16:20:31.515Z] >>> [apiv2][body] POST https://upload-firebasehosting.googleapis.com/upload/sites/flying-pizzaa/versions/b3efe25ceec440e7/files/9a3bb91a35242d3d306424b6f941f5629952f8491519c652eade4827589ce727 [stream]
[debug] [2023-04-15T16:20:31.515Z] >>> [apiv2][query] POST https://upload-firebasehosting.googleapis.com/upload/sites/flying-pizzaa/versions/b3efe25ceec440e7/files/c63e7df0b5816fac68080da3367d94192ade09d0b8855545ab414fb46311ebcb [none]
[debug] [2023-04-15T16:20:31.516Z] >>> [apiv2][body] POST https://upload-firebasehosting.googleapis.com/upload/sites/flying-pizzaa/versions/b3efe25ceec440e7/files/c63e7df0b5816fac68080da3367d94192ade09d0b8855545ab414fb46311ebcb [stream]
[debug] [2023-04-15T16:20:31.516Z] [hosting][populate queue][FINAL] {"max":1133,"min":1133,"avg":1133,"active":0,"complete":1,"success":1,"errored":0,"retried":0,"total":1,"elapsed":1134}
[debug] [2023-04-15T16:20:31.516Z] [hosting] uploads queued: 2
[debug] [2023-04-15T16:20:32.717Z] <<< [apiv2][status] POST https://upload-firebasehosting.googleapis.com/upload/sites/flying-pizzaa/versions/b3efe25ceec440e7/files/9a3bb91a35242d3d306424b6f941f5629952f8491519c652eade4827589ce727 200
[debug] [2023-04-15T16:20:32.717Z] <<< [apiv2][body] POST https://upload-firebasehosting.googleapis.com/upload/sites/flying-pizzaa/versions/b3efe25ceec440e7/files/9a3bb91a35242d3d306424b6f941f5629952f8491519c652eade4827589ce727 [stream]
[debug] [2023-04-15T16:20:32.824Z] <<< [apiv2][status] POST https://upload-firebasehosting.googleapis.com/upload/sites/flying-pizzaa/versions/b3efe25ceec440e7/files/c63e7df0b5816fac68080da3367d94192ade09d0b8855545ab414fb46311ebcb 200
[debug] [2023-04-15T16:20:32.824Z] <<< [apiv2][body] POST https://upload-firebasehosting.googleapis.com/upload/sites/flying-pizzaa/versions/b3efe25ceec440e7/files/c63e7df0b5816fac68080da3367d94192ade09d0b8855545ab414fb46311ebcb [stream]
[debug] [2023-04-15T16:20:32.824Z] [hosting][upload queue][FINAL] {"max":1310,"min":1203,"avg":1256.5,"active":0,"complete":2,"success":2,"errored":0,"retried":0,"total":2,"elapsed":1310}
[info] +  hosting[flying-pizzaa]: file upload complete 
[debug] [2023-04-15T16:20:32.825Z] [hosting] deploy completed after 2572ms
[info] i  functions: updating Node.js 16 function api(europe-west1)... 
[debug] [2023-04-15T16:20:32.829Z] >>> [apiv2][query] PATCH https://cloudfunctions.googleapis.com/v1/projects/flying-pizzaa/locations/europe-west1/functions/api updateMask=name%2CsourceUploadUrl%2CentryPoint%2Cruntime%2CdockerRegistry%2Clabels%2ChttpsTrigger.securityLevel%2CminInstances%2CmaxInstances%2CingressSettings%2CenvironmentVariables%2CserviceAccountEmail%2CavailableMemoryMb%2Ctimeout%2CvpcConnector%2CvpcConnectorEgressSettings%2CsourceToken
[debug] [2023-04-15T16:20:32.829Z] >>> [apiv2][body] PATCH https://cloudfunctions.googleapis.com/v1/projects/flying-pizzaa/locations/europe-west1/functions/api {"name":"projects/flying-pizzaa/locations/europe-west1/functions/api","sourceUploadUrl":"https://storage.googleapis.com/uploads-779767178154.europe-west1.cloudfunctions.appspot.com/01a2800a-13d3-4bbd-a4df-998da51ec442.zip?GoogleAccessId=service-642571995309@gcf-admin-robot.iam.gserviceaccount.com&Expires=1681577431&Signature=KX0%2Bqq5akZQHgy0I47RvarsByhcwM3eHvM2YaeQDlcJ1edUD8luKHmcNui%2FV9PoGiWttyPhFsKfmVKNK3if601ajFrWRUstxGvQtDmIuy8TbM0pznaw4JQ6dboN%2FnUmtM4JQFN77R2itkoPHrjkQ0UFXp5cyvS6LJiEbLJawUt8tqPdlX78m9wLzdpjKsHNo2olASXvVkPt2BtaFymUXw4yM6zi6UPgm0iJIzfm4RJFUBKKtvJpSlnsfMbgaYNC6mff%2FGNJf3J5pp0a%2BIdhvAw1TNV72U9RxEIAS9hW8RHR8WKHcGFeaPyhEbT2DDK%2FIwbwIGI2Eu%2Bum%2FYA02xoIYg%3D%3D","entryPoint":"api","runtime":"nodejs16","dockerRegistry":"ARTIFACT_REGISTRY","labels":{"deployment-tool":"cli-firebase","firebase-functions-hash":"b55a56f74b655502ae1683beff98cec2ebbf6b5e"},"httpsTrigger":{"securityLevel":"SECURE_ALWAYS"},"minInstances":null,"maxInstances":null,"ingressSettings":null,"environmentVariables":{"FIREBASE_CONFIG":"{\"projectId\":\"flying-pizzaa\",\"storageBucket\":\"flying-pizzaa.appspot.com\",\"locationId\":\"europe-west\"}","GCLOUD_PROJECT":"flying-pizzaa","EVENTARC_CLOUD_EVENT_SOURCE":"projects/flying-pizzaa/locations/europe-west1/functions/api"},"serviceAccountEmail":null,"availableMemoryMb":null,"timeout":null,"vpcConnector":null,"vpcConnectorEgressSettings":null}
[debug] [2023-04-15T16:20:33.471Z] <<< [apiv2][status] PATCH https://cloudfunctions.googleapis.com/v1/projects/flying-pizzaa/locations/europe-west1/functions/api 200
[debug] [2023-04-15T16:20:33.472Z] <<< [apiv2][body] PATCH https://cloudfunctions.googleapis.com/v1/projects/flying-pizzaa/locations/europe-west1/functions/api {"name":"operations/Zmx5aW5nLXBpenphYS9ldXJvcGUtd2VzdDEvYXBpL0hDbm1BR0ZBdHBJ","metadata":{"@type":"type.googleapis.com/google.cloud.functions.v1.OperationMetadataV1","target":"projects/flying-pizzaa/locations/europe-west1/functions/api","type":"UPDATE_FUNCTION","request":{"@type":"type.googleapis.com/google.cloud.functions.v1.CloudFunction","name":"projects/flying-pizzaa/locations/europe-west1/functions/api","httpsTrigger":{"url":"https://europe-west1-flying-pizzaa.cloudfunctions.net/api","securityLevel":"SECURE_ALWAYS"},"status":"ACTIVE","entryPoint":"api","updateTime":"2023-04-15T15:35:30.050Z","versionId":"4","labels":{"deployment-tool":"cli-firebase","firebase-functions-hash":"b55a56f74b655502ae1683beff98cec2ebbf6b5e"},"sourceUploadUrl":"https://storage.googleapis.com/uploads-779767178154.europe-west1.cloudfunctions.appspot.com/01a2800a-13d3-4bbd-a4df-998da51ec442.zip?GoogleAccessId=service-642571995309@gcf-admin-robot.iam.gserviceaccount.com&Expires=1681577431&Signature=KX0%2Bqq5akZQHgy0I47RvarsByhcwM3eHvM2YaeQDlcJ1edUD8luKHmcNui%2FV9PoGiWttyPhFsKfmVKNK3if601ajFrWRUstxGvQtDmIuy8TbM0pznaw4JQ6dboN%2FnUmtM4JQFN77R2itkoPHrjkQ0UFXp5cyvS6LJiEbLJawUt8tqPdlX78m9wLzdpjKsHNo2olASXvVkPt2BtaFymUXw4yM6zi6UPgm0iJIzfm4RJFUBKKtvJpSlnsfMbgaYNC6mff%2FGNJf3J5pp0a%2BIdhvAw1TNV72U9RxEIAS9hW8RHR8WKHcGFeaPyhEbT2DDK%2FIwbwIGI2Eu%2Bum%2FYA02xoIYg%3D%3D","environmentVariables":{"FIREBASE_CONFIG":"{\"projectId\":\"flying-pizzaa\",\"storageBucket\":\"flying-pizzaa.appspot.com\",\"locationId\":\"europe-west\"}","GCLOUD_PROJECT":"flying-pizzaa","EVENTARC_CLOUD_EVENT_SOURCE":"projects/flying-pizzaa/locations/europe-west1/functions/api"},"runtime":"nodejs16","buildId":"168c6de2-e707-4b4b-8af3-4481060e9bc7","buildName":"projects/642571995309/locations/europe-west1/builds/168c6de2-e707-4b4b-8af3-4481060e9bc7","dockerRegistry":"ARTIFACT_REGISTRY"},"versionId":"5","updateTime":"2023-04-15T16:20:34Z"}}
[debug] [2023-04-15T16:20:33.472Z] >>> [apiv2][query] GET https://cloudfunctions.googleapis.com/v1/operations/Zmx5aW5nLXBpenphYS9ldXJvcGUtd2VzdDEvYXBpL0hDbm1BR0ZBdHBJ [none]
[debug] [2023-04-15T16:20:34.442Z] <<< [apiv2][status] GET https://cloudfunctions.googleapis.com/v1/operations/Zmx5aW5nLXBpenphYS9ldXJvcGUtd2VzdDEvYXBpL0hDbm1BR0ZBdHBJ 200
[debug] [2023-04-15T16:20:34.442Z] <<< [apiv2][body] GET https://cloudfunctions.googleapis.com/v1/operations/Zmx5aW5nLXBpenphYS9ldXJvcGUtd2VzdDEvYXBpL0hDbm1BR0ZBdHBJ {"name":"operations/Zmx5aW5nLXBpenphYS9ldXJvcGUtd2VzdDEvYXBpL0hDbm1BR0ZBdHBJ","metadata":{"@type":"type.googleapis.com/google.cloud.functions.v1.OperationMetadataV1","target":"projects/flying-pizzaa/locations/europe-west1/functions/api","type":"UPDATE_FUNCTION","request":{"@type":"type.googleapis.com/google.cloud.functions.v1.CloudFunction","name":"projects/flying-pizzaa/locations/europe-west1/functions/api","httpsTrigger":{"url":"https://europe-west1-flying-pizzaa.cloudfunctions.net/api","securityLevel":"SECURE_ALWAYS"},"status":"ACTIVE","entryPoint":"api","updateTime":"2023-04-15T15:35:30.050Z","versionId":"4","labels":{"deployment-tool":"cli-firebase","firebase-functions-hash":"b55a56f74b655502ae1683beff98cec2ebbf6b5e"},"sourceUploadUrl":"https://storage.googleapis.com/uploads-779767178154.europe-west1.cloudfunctions.appspot.com/01a2800a-13d3-4bbd-a4df-998da51ec442.zip?GoogleAccessId=service-642571995309@gcf-admin-robot.iam.gserviceaccount.com&Expires=1681577431&Signature=KX0%2Bqq5akZQHgy0I47RvarsByhcwM3eHvM2YaeQDlcJ1edUD8luKHmcNui%2FV9PoGiWttyPhFsKfmVKNK3if601ajFrWRUstxGvQtDmIuy8TbM0pznaw4JQ6dboN%2FnUmtM4JQFN77R2itkoPHrjkQ0UFXp5cyvS6LJiEbLJawUt8tqPdlX78m9wLzdpjKsHNo2olASXvVkPt2BtaFymUXw4yM6zi6UPgm0iJIzfm4RJFUBKKtvJpSlnsfMbgaYNC6mff%2FGNJf3J5pp0a%2BIdhvAw1TNV72U9RxEIAS9hW8RHR8WKHcGFeaPyhEbT2DDK%2FIwbwIGI2Eu%2Bum%2FYA02xoIYg%3D%3D","environmentVariables":{"FIREBASE_CONFIG":"{\"projectId\":\"flying-pizzaa\",\"storageBucket\":\"flying-pizzaa.appspot.com\",\"locationId\":\"europe-west\"}","GCLOUD_PROJECT":"flying-pizzaa","EVENTARC_CLOUD_EVENT_SOURCE":"projects/flying-pizzaa/locations/europe-west1/functions/api"},"runtime":"nodejs16","buildId":"168c6de2-e707-4b4b-8af3-4481060e9bc7","buildName":"projects/642571995309/locations/europe-west1/builds/168c6de2-e707-4b4b-8af3-4481060e9bc7","dockerRegistry":"ARTIFACT_REGISTRY"},"versionId":"5","updateTime":"2023-04-15T16:20:35Z"}}
[debug] [2023-04-15T16:20:34.955Z] [update-default-europe-west1-api] Retrying task index 0
[debug] [2023-04-15T16:20:34.956Z] >>> [apiv2][query] GET https://cloudfunctions.googleapis.com/v1/operations/Zmx5aW5nLXBpenphYS9ldXJvcGUtd2VzdDEvYXBpL0hDbm1BR0ZBdHBJ [none]
[debug] [2023-04-15T16:20:35.240Z] <<< [apiv2][status] GET https://cloudfunctions.googleapis.com/v1/operations/Zmx5aW5nLXBpenphYS9ldXJvcGUtd2VzdDEvYXBpL0hDbm1BR0ZBdHBJ 200
[debug] [2023-04-15T16:20:35.240Z] <<< [apiv2][body] GET https://cloudfunctions.googleapis.com/v1/operations/Zmx5aW5nLXBpenphYS9ldXJvcGUtd2VzdDEvYXBpL0hDbm1BR0ZBdHBJ {"name":"operations/Zmx5aW5nLXBpenphYS9ldXJvcGUtd2VzdDEvYXBpL0hDbm1BR0ZBdHBJ","metadata":{"@type":"type.googleapis.com/google.cloud.functions.v1.OperationMetadataV1","target":"projects/flying-pizzaa/locations/europe-west1/functions/api","type":"UPDATE_FUNCTION","request":{"@type":"type.googleapis.com/google.cloud.functions.v1.CloudFunction","name":"projects/flying-pizzaa/locations/europe-west1/functions/api","httpsTrigger":{"url":"https://europe-west1-flying-pizzaa.cloudfunctions.net/api","securityLevel":"SECURE_ALWAYS"},"status":"ACTIVE","entryPoint":"api","updateTime":"2023-04-15T15:35:30.050Z","versionId":"4","labels":{"deployment-tool":"cli-firebase","firebase-functions-hash":"b55a56f74b655502ae1683beff98cec2ebbf6b5e"},"sourceUploadUrl":"https://storage.googleapis.com/uploads-779767178154.europe-west1.cloudfunctions.appspot.com/01a2800a-13d3-4bbd-a4df-998da51ec442.zip?GoogleAccessId=service-642571995309@gcf-admin-robot.iam.gserviceaccount.com&Expires=1681577431&Signature=KX0%2Bqq5akZQHgy0I47RvarsByhcwM3eHvM2YaeQDlcJ1edUD8luKHmcNui%2FV9PoGiWttyPhFsKfmVKNK3if601ajFrWRUstxGvQtDmIuy8TbM0pznaw4JQ6dboN%2FnUmtM4JQFN77R2itkoPHrjkQ0UFXp5cyvS6LJiEbLJawUt8tqPdlX78m9wLzdpjKsHNo2olASXvVkPt2BtaFymUXw4yM6zi6UPgm0iJIzfm4RJFUBKKtvJpSlnsfMbgaYNC6mff%2FGNJf3J5pp0a%2BIdhvAw1TNV72U9RxEIAS9hW8RHR8WKHcGFeaPyhEbT2DDK%2FIwbwIGI2Eu%2Bum%2FYA02xoIYg%3D%3D","environmentVariables":{"FIREBASE_CONFIG":"{\"projectId\":\"flying-pizzaa\",\"storageBucket\":\"flying-pizzaa.appspot.com\",\"locationId\":\"europe-west\"}","GCLOUD_PROJECT":"flying-pizzaa","EVENTARC_CLOUD_EVENT_SOURCE":"projects/flying-pizzaa/locations/europe-west1/functions/api"},"runtime":"nodejs16","buildId":"168c6de2-e707-4b4b-8af3-4481060e9bc7","buildName":"projects/642571995309/locations/europe-west1/builds/168c6de2-e707-4b4b-8af3-4481060e9bc7","dockerRegistry":"ARTIFACT_REGISTRY"},"versionId":"5","updateTime":"2023-04-15T16:20:35Z","buildId":"2db03c31-58a6-4754-82b3-fed2e0e272f6","buildName":"projects/642571995309/locations/europe-west1/builds/2db03c31-58a6-4754-82b3-fed2e0e272f6"}}
[debug] [2023-04-15T16:20:36.246Z] [update-default-europe-west1-api] Retrying task index 0
[debug] [2023-04-15T16:20:36.246Z] >>> [apiv2][query] GET https://cloudfunctions.googleapis.com/v1/operations/Zmx5aW5nLXBpenphYS9ldXJvcGUtd2VzdDEvYXBpL0hDbm1BR0ZBdHBJ [none]
[debug] [2023-04-15T16:20:36.566Z] <<< [apiv2][status] GET https://cloudfunctions.googleapis.com/v1/operations/Zmx5aW5nLXBpenphYS9ldXJvcGUtd2VzdDEvYXBpL0hDbm1BR0ZBdHBJ 200
[debug] [2023-04-15T16:20:36.566Z] <<< [apiv2][body] GET https://cloudfunctions.googleapis.com/v1/operations/Zmx5aW5nLXBpenphYS9ldXJvcGUtd2VzdDEvYXBpL0hDbm1BR0ZBdHBJ {"name":"operations/Zmx5aW5nLXBpenphYS9ldXJvcGUtd2VzdDEvYXBpL0hDbm1BR0ZBdHBJ","metadata":{"@type":"type.googleapis.com/google.cloud.functions.v1.OperationMetadataV1","target":"projects/flying-pizzaa/locations/europe-west1/functions/api","type":"UPDATE_FUNCTION","request":{"@type":"type.googleapis.com/google.cloud.functions.v1.CloudFunction","name":"projects/flying-pizzaa/locations/europe-west1/functions/api","httpsTrigger":{"url":"https://europe-west1-flying-pizzaa.cloudfunctions.net/api","securityLevel":"SECURE_ALWAYS"},"status":"ACTIVE","entryPoint":"api","updateTime":"2023-04-15T15:35:30.050Z","versionId":"4","labels":{"deployment-tool":"cli-firebase","firebase-functions-hash":"b55a56f74b655502ae1683beff98cec2ebbf6b5e"},"sourceUploadUrl":"https://storage.googleapis.com/uploads-779767178154.europe-west1.cloudfunctions.appspot.com/01a2800a-13d3-4bbd-a4df-998da51ec442.zip?GoogleAccessId=service-642571995309@gcf-admin-robot.iam.gserviceaccount.com&Expires=1681577431&Signature=KX0%2Bqq5akZQHgy0I47RvarsByhcwM3eHvM2YaeQDlcJ1edUD8luKHmcNui%2FV9PoGiWttyPhFsKfmVKNK3if601ajFrWRUstxGvQtDmIuy8TbM0pznaw4JQ6dboN%2FnUmtM4JQFN77R2itkoPHrjkQ0UFXp5cyvS6LJiEbLJawUt8tqPdlX78m9wLzdpjKsHNo2olASXvVkPt2BtaFymUXw4yM6zi6UPgm0iJIzfm4RJFUBKKtvJpSlnsfMbgaYNC6mff%2FGNJf3J5pp0a%2BIdhvAw1TNV72U9RxEIAS9hW8RHR8WKHcGFeaPyhEbT2DDK%2FIwbwIGI2Eu%2Bum%2FYA02xoIYg%3D%3D","environmentVariables":{"FIREBASE_CONFIG":"{\"projectId\":\"flying-pizzaa\",\"storageBucket\":\"flying-pizzaa.appspot.com\",\"locationId\":\"europe-west\"}","GCLOUD_PROJECT":"flying-pizzaa","EVENTARC_CLOUD_EVENT_SOURCE":"projects/flying-pizzaa/locations/europe-west1/functions/api"},"runtime":"nodejs16","buildId":"168c6de2-e707-4b4b-8af3-4481060e9bc7","buildName":"projects/642571995309/locations/europe-west1/builds/168c6de2-e707-4b4b-8af3-4481060e9bc7","dockerRegistry":"ARTIFACT_REGISTRY"},"versionId":"5","updateTime":"2023-04-15T16:20:35Z","buildId":"2db03c31-58a6-4754-82b3-fed2e0e272f6","buildName":"projects/642571995309/locations/europe-west1/builds/2db03c31-58a6-4754-82b3-fed2e0e272f6"}}
[debug] [2023-04-15T16:20:38.580Z] [update-default-europe-west1-api] Retrying task index 0
[debug] [2023-04-15T16:20:38.581Z] >>> [apiv2][query] GET https://cloudfunctions.googleapis.com/v1/operations/Zmx5aW5nLXBpenphYS9ldXJvcGUtd2VzdDEvYXBpL0hDbm1BR0ZBdHBJ [none]
[debug] [2023-04-15T16:20:38.881Z] <<< [apiv2][status] GET https://cloudfunctions.googleapis.com/v1/operations/Zmx5aW5nLXBpenphYS9ldXJvcGUtd2VzdDEvYXBpL0hDbm1BR0ZBdHBJ 200
[debug] [2023-04-15T16:20:38.882Z] <<< [apiv2][body] GET https://cloudfunctions.googleapis.com/v1/operations/Zmx5aW5nLXBpenphYS9ldXJvcGUtd2VzdDEvYXBpL0hDbm1BR0ZBdHBJ {"name":"operations/Zmx5aW5nLXBpenphYS9ldXJvcGUtd2VzdDEvYXBpL0hDbm1BR0ZBdHBJ","metadata":{"@type":"type.googleapis.com/google.cloud.functions.v1.OperationMetadataV1","target":"projects/flying-pizzaa/locations/europe-west1/functions/api","type":"UPDATE_FUNCTION","request":{"@type":"type.googleapis.com/google.cloud.functions.v1.CloudFunction","name":"projects/flying-pizzaa/locations/europe-west1/functions/api","httpsTrigger":{"url":"https://europe-west1-flying-pizzaa.cloudfunctions.net/api","securityLevel":"SECURE_ALWAYS"},"status":"ACTIVE","entryPoint":"api","updateTime":"2023-04-15T15:35:30.050Z","versionId":"4","labels":{"deployment-tool":"cli-firebase","firebase-functions-hash":"b55a56f74b655502ae1683beff98cec2ebbf6b5e"},"sourceUploadUrl":"https://storage.googleapis.com/uploads-779767178154.europe-west1.cloudfunctions.appspot.com/01a2800a-13d3-4bbd-a4df-998da51ec442.zip?GoogleAccessId=service-642571995309@gcf-admin-robot.iam.gserviceaccount.com&Expires=1681577431&Signature=KX0%2Bqq5akZQHgy0I47RvarsByhcwM3eHvM2YaeQDlcJ1edUD8luKHmcNui%2FV9PoGiWttyPhFsKfmVKNK3if601ajFrWRUstxGvQtDmIuy8TbM0pznaw4JQ6dboN%2FnUmtM4JQFN77R2itkoPHrjkQ0UFXp5cyvS6LJiEbLJawUt8tqPdlX78m9wLzdpjKsHNo2olASXvVkPt2BtaFymUXw4yM6zi6UPgm0iJIzfm4RJFUBKKtvJpSlnsfMbgaYNC6mff%2FGNJf3J5pp0a%2BIdhvAw1TNV72U9RxEIAS9hW8RHR8WKHcGFeaPyhEbT2DDK%2FIwbwIGI2Eu%2Bum%2FYA02xoIYg%3D%3D","environmentVariables":{"FIREBASE_CONFIG":"{\"projectId\":\"flying-pizzaa\",\"storageBucket\":\"flying-pizzaa.appspot.com\",\"locationId\":\"europe-west\"}","GCLOUD_PROJECT":"flying-pizzaa","EVENTARC_CLOUD_EVENT_SOURCE":"projects/flying-pizzaa/locations/europe-west1/functions/api"},"runtime":"nodejs16","buildId":"168c6de2-e707-4b4b-8af3-4481060e9bc7","buildName":"projects/642571995309/locations/europe-west1/builds/168c6de2-e707-4b4b-8af3-4481060e9bc7","dockerRegistry":"ARTIFACT_REGISTRY"},"versionId":"5","updateTime":"2023-04-15T16:20:35Z","buildId":"2db03c31-58a6-4754-82b3-fed2e0e272f6","buildName":"projects/642571995309/locations/europe-west1/builds/2db03c31-58a6-4754-82b3-fed2e0e272f6"}}
[debug] [2023-04-15T16:20:42.895Z] [update-default-europe-west1-api] Retrying task index 0
[debug] [2023-04-15T16:20:42.896Z] >>> [apiv2][query] GET https://cloudfunctions.googleapis.com/v1/operations/Zmx5aW5nLXBpenphYS9ldXJvcGUtd2VzdDEvYXBpL0hDbm1BR0ZBdHBJ [none]
[debug] [2023-04-15T16:20:43.153Z] <<< [apiv2][status] GET https://cloudfunctions.googleapis.com/v1/operations/Zmx5aW5nLXBpenphYS9ldXJvcGUtd2VzdDEvYXBpL0hDbm1BR0ZBdHBJ 200
[debug] [2023-04-15T16:20:43.154Z] <<< [apiv2][body] GET https://cloudfunctions.googleapis.com/v1/operations/Zmx5aW5nLXBpenphYS9ldXJvcGUtd2VzdDEvYXBpL0hDbm1BR0ZBdHBJ {"name":"operations/Zmx5aW5nLXBpenphYS9ldXJvcGUtd2VzdDEvYXBpL0hDbm1BR0ZBdHBJ","metadata":{"@type":"type.googleapis.com/google.cloud.functions.v1.OperationMetadataV1","target":"projects/flying-pizzaa/locations/europe-west1/functions/api","type":"UPDATE_FUNCTION","request":{"@type":"type.googleapis.com/google.cloud.functions.v1.CloudFunction","name":"projects/flying-pizzaa/locations/europe-west1/functions/api","httpsTrigger":{"url":"https://europe-west1-flying-pizzaa.cloudfunctions.net/api","securityLevel":"SECURE_ALWAYS"},"status":"ACTIVE","entryPoint":"api","updateTime":"2023-04-15T15:35:30.050Z","versionId":"4","labels":{"deployment-tool":"cli-firebase","firebase-functions-hash":"b55a56f74b655502ae1683beff98cec2ebbf6b5e"},"sourceUploadUrl":"https://storage.googleapis.com/uploads-779767178154.europe-west1.cloudfunctions.appspot.com/01a2800a-13d3-4bbd-a4df-998da51ec442.zip?GoogleAccessId=service-642571995309@gcf-admin-robot.iam.gserviceaccount.com&Expires=1681577431&Signature=KX0%2Bqq5akZQHgy0I47RvarsByhcwM3eHvM2YaeQDlcJ1edUD8luKHmcNui%2FV9PoGiWttyPhFsKfmVKNK3if601ajFrWRUstxGvQtDmIuy8TbM0pznaw4JQ6dboN%2FnUmtM4JQFN77R2itkoPHrjkQ0UFXp5cyvS6LJiEbLJawUt8tqPdlX78m9wLzdpjKsHNo2olASXvVkPt2BtaFymUXw4yM6zi6UPgm0iJIzfm4RJFUBKKtvJpSlnsfMbgaYNC6mff%2FGNJf3J5pp0a%2BIdhvAw1TNV72U9RxEIAS9hW8RHR8WKHcGFeaPyhEbT2DDK%2FIwbwIGI2Eu%2Bum%2FYA02xoIYg%3D%3D","environmentVariables":{"FIREBASE_CONFIG":"{\"projectId\":\"flying-pizzaa\",\"storageBucket\":\"flying-pizzaa.appspot.com\",\"locationId\":\"europe-west\"}","GCLOUD_PROJECT":"flying-pizzaa","EVENTARC_CLOUD_EVENT_SOURCE":"projects/flying-pizzaa/locations/europe-west1/functions/api"},"runtime":"nodejs16","buildId":"168c6de2-e707-4b4b-8af3-4481060e9bc7","buildName":"projects/642571995309/locations/europe-west1/builds/168c6de2-e707-4b4b-8af3-4481060e9bc7","dockerRegistry":"ARTIFACT_REGISTRY"},"versionId":"5","updateTime":"2023-04-15T16:20:35Z","buildId":"2db03c31-58a6-4754-82b3-fed2e0e272f6","buildName":"projects/642571995309/locations/europe-west1/builds/2db03c31-58a6-4754-82b3-fed2e0e272f6"}}
[debug] [2023-04-15T16:20:51.155Z] [update-default-europe-west1-api] Retrying task index 0
[debug] [2023-04-15T16:20:51.155Z] >>> [apiv2][query] GET https://cloudfunctions.googleapis.com/v1/operations/Zmx5aW5nLXBpenphYS9ldXJvcGUtd2VzdDEvYXBpL0hDbm1BR0ZBdHBJ [none]
[debug] [2023-04-15T16:20:51.428Z] <<< [apiv2][status] GET https://cloudfunctions.googleapis.com/v1/operations/Zmx5aW5nLXBpenphYS9ldXJvcGUtd2VzdDEvYXBpL0hDbm1BR0ZBdHBJ 200
[debug] [2023-04-15T16:20:51.428Z] <<< [apiv2][body] GET https://cloudfunctions.googleapis.com/v1/operations/Zmx5aW5nLXBpenphYS9ldXJvcGUtd2VzdDEvYXBpL0hDbm1BR0ZBdHBJ {"name":"operations/Zmx5aW5nLXBpenphYS9ldXJvcGUtd2VzdDEvYXBpL0hDbm1BR0ZBdHBJ","metadata":{"@type":"type.googleapis.com/google.cloud.functions.v1.OperationMetadataV1","target":"projects/flying-pizzaa/locations/europe-west1/functions/api","type":"UPDATE_FUNCTION","request":{"@type":"type.googleapis.com/google.cloud.functions.v1.CloudFunction","name":"projects/flying-pizzaa/locations/europe-west1/functions/api","httpsTrigger":{"url":"https://europe-west1-flying-pizzaa.cloudfunctions.net/api","securityLevel":"SECURE_ALWAYS"},"status":"ACTIVE","entryPoint":"api","updateTime":"2023-04-15T15:35:30.050Z","versionId":"4","labels":{"deployment-tool":"cli-firebase","firebase-functions-hash":"b55a56f74b655502ae1683beff98cec2ebbf6b5e"},"sourceUploadUrl":"https://storage.googleapis.com/uploads-779767178154.europe-west1.cloudfunctions.appspot.com/01a2800a-13d3-4bbd-a4df-998da51ec442.zip?GoogleAccessId=service-642571995309@gcf-admin-robot.iam.gserviceaccount.com&Expires=1681577431&Signature=KX0%2Bqq5akZQHgy0I47RvarsByhcwM3eHvM2YaeQDlcJ1edUD8luKHmcNui%2FV9PoGiWttyPhFsKfmVKNK3if601ajFrWRUstxGvQtDmIuy8TbM0pznaw4JQ6dboN%2FnUmtM4JQFN77R2itkoPHrjkQ0UFXp5cyvS6LJiEbLJawUt8tqPdlX78m9wLzdpjKsHNo2olASXvVkPt2BtaFymUXw4yM6zi6UPgm0iJIzfm4RJFUBKKtvJpSlnsfMbgaYNC6mff%2FGNJf3J5pp0a%2BIdhvAw1TNV72U9RxEIAS9hW8RHR8WKHcGFeaPyhEbT2DDK%2FIwbwIGI2Eu%2Bum%2FYA02xoIYg%3D%3D","environmentVariables":{"FIREBASE_CONFIG":"{\"projectId\":\"flying-pizzaa\",\"storageBucket\":\"flying-pizzaa.appspot.com\",\"locationId\":\"europe-west\"}","GCLOUD_PROJECT":"flying-pizzaa","EVENTARC_CLOUD_EVENT_SOURCE":"projects/flying-pizzaa/locations/europe-west1/functions/api"},"runtime":"nodejs16","buildId":"168c6de2-e707-4b4b-8af3-4481060e9bc7","buildName":"projects/642571995309/locations/europe-west1/builds/168c6de2-e707-4b4b-8af3-4481060e9bc7","dockerRegistry":"ARTIFACT_REGISTRY"},"versionId":"5","updateTime":"2023-04-15T16:20:35Z","buildId":"2db03c31-58a6-4754-82b3-fed2e0e272f6","buildName":"projects/642571995309/locations/europe-west1/builds/2db03c31-58a6-4754-82b3-fed2e0e272f6"}}
[debug] [2023-04-15T16:21:01.437Z] [update-default-europe-west1-api] Retrying task index 0
[debug] [2023-04-15T16:21:01.437Z] >>> [apiv2][query] GET https://cloudfunctions.googleapis.com/v1/operations/Zmx5aW5nLXBpenphYS9ldXJvcGUtd2VzdDEvYXBpL0hDbm1BR0ZBdHBJ [none]
[debug] [2023-04-15T16:21:01.687Z] <<< [apiv2][status] GET https://cloudfunctions.googleapis.com/v1/operations/Zmx5aW5nLXBpenphYS9ldXJvcGUtd2VzdDEvYXBpL0hDbm1BR0ZBdHBJ 200
[debug] [2023-04-15T16:21:01.688Z] <<< [apiv2][body] GET https://cloudfunctions.googleapis.com/v1/operations/Zmx5aW5nLXBpenphYS9ldXJvcGUtd2VzdDEvYXBpL0hDbm1BR0ZBdHBJ {"name":"operations/Zmx5aW5nLXBpenphYS9ldXJvcGUtd2VzdDEvYXBpL0hDbm1BR0ZBdHBJ","metadata":{"@type":"type.googleapis.com/google.cloud.functions.v1.OperationMetadataV1","target":"projects/flying-pizzaa/locations/europe-west1/functions/api","type":"UPDATE_FUNCTION","request":{"@type":"type.googleapis.com/google.cloud.functions.v1.CloudFunction","name":"projects/flying-pizzaa/locations/europe-west1/functions/api","httpsTrigger":{"url":"https://europe-west1-flying-pizzaa.cloudfunctions.net/api","securityLevel":"SECURE_ALWAYS"},"status":"ACTIVE","entryPoint":"api","updateTime":"2023-04-15T15:35:30.050Z","versionId":"4","labels":{"deployment-tool":"cli-firebase","firebase-functions-hash":"b55a56f74b655502ae1683beff98cec2ebbf6b5e"},"sourceUploadUrl":"https://storage.googleapis.com/uploads-779767178154.europe-west1.cloudfunctions.appspot.com/01a2800a-13d3-4bbd-a4df-998da51ec442.zip?GoogleAccessId=service-642571995309@gcf-admin-robot.iam.gserviceaccount.com&Expires=1681577431&Signature=KX0%2Bqq5akZQHgy0I47RvarsByhcwM3eHvM2YaeQDlcJ1edUD8luKHmcNui%2FV9PoGiWttyPhFsKfmVKNK3if601ajFrWRUstxGvQtDmIuy8TbM0pznaw4JQ6dboN%2FnUmtM4JQFN77R2itkoPHrjkQ0UFXp5cyvS6LJiEbLJawUt8tqPdlX78m9wLzdpjKsHNo2olASXvVkPt2BtaFymUXw4yM6zi6UPgm0iJIzfm4RJFUBKKtvJpSlnsfMbgaYNC6mff%2FGNJf3J5pp0a%2BIdhvAw1TNV72U9RxEIAS9hW8RHR8WKHcGFeaPyhEbT2DDK%2FIwbwIGI2Eu%2Bum%2FYA02xoIYg%3D%3D","environmentVariables":{"FIREBASE_CONFIG":"{\"projectId\":\"flying-pizzaa\",\"storageBucket\":\"flying-pizzaa.appspot.com\",\"locationId\":\"europe-west\"}","GCLOUD_PROJECT":"flying-pizzaa","EVENTARC_CLOUD_EVENT_SOURCE":"projects/flying-pizzaa/locations/europe-west1/functions/api"},"runtime":"nodejs16","buildId":"168c6de2-e707-4b4b-8af3-4481060e9bc7","buildName":"projects/642571995309/locations/europe-west1/builds/168c6de2-e707-4b4b-8af3-4481060e9bc7","dockerRegistry":"ARTIFACT_REGISTRY"},"versionId":"5","updateTime":"2023-04-15T16:20:35Z","buildId":"2db03c31-58a6-4754-82b3-fed2e0e272f6","buildName":"projects/642571995309/locations/europe-west1/builds/2db03c31-58a6-4754-82b3-fed2e0e272f6"}}
[debug] [2023-04-15T16:21:11.695Z] [update-default-europe-west1-api] Retrying task index 0
[debug] [2023-04-15T16:21:11.696Z] >>> [apiv2][query] GET https://cloudfunctions.googleapis.com/v1/operations/Zmx5aW5nLXBpenphYS9ldXJvcGUtd2VzdDEvYXBpL0hDbm1BR0ZBdHBJ [none]
[debug] [2023-04-15T16:21:11.977Z] <<< [apiv2][status] GET https://cloudfunctions.googleapis.com/v1/operations/Zmx5aW5nLXBpenphYS9ldXJvcGUtd2VzdDEvYXBpL0hDbm1BR0ZBdHBJ 200
[debug] [2023-04-15T16:21:11.977Z] <<< [apiv2][body] GET https://cloudfunctions.googleapis.com/v1/operations/Zmx5aW5nLXBpenphYS9ldXJvcGUtd2VzdDEvYXBpL0hDbm1BR0ZBdHBJ {"name":"operations/Zmx5aW5nLXBpenphYS9ldXJvcGUtd2VzdDEvYXBpL0hDbm1BR0ZBdHBJ","metadata":{"@type":"type.googleapis.com/google.cloud.functions.v1.OperationMetadataV1","target":"projects/flying-pizzaa/locations/europe-west1/functions/api","type":"UPDATE_FUNCTION","request":{"@type":"type.googleapis.com/google.cloud.functions.v1.CloudFunction","name":"projects/flying-pizzaa/locations/europe-west1/functions/api","httpsTrigger":{"url":"https://europe-west1-flying-pizzaa.cloudfunctions.net/api","securityLevel":"SECURE_ALWAYS"},"status":"ACTIVE","entryPoint":"api","updateTime":"2023-04-15T15:35:30.050Z","versionId":"4","labels":{"deployment-tool":"cli-firebase","firebase-functions-hash":"b55a56f74b655502ae1683beff98cec2ebbf6b5e"},"sourceUploadUrl":"https://storage.googleapis.com/uploads-779767178154.europe-west1.cloudfunctions.appspot.com/01a2800a-13d3-4bbd-a4df-998da51ec442.zip?GoogleAccessId=service-642571995309@gcf-admin-robot.iam.gserviceaccount.com&Expires=1681577431&Signature=KX0%2Bqq5akZQHgy0I47RvarsByhcwM3eHvM2YaeQDlcJ1edUD8luKHmcNui%2FV9PoGiWttyPhFsKfmVKNK3if601ajFrWRUstxGvQtDmIuy8TbM0pznaw4JQ6dboN%2FnUmtM4JQFN77R2itkoPHrjkQ0UFXp5cyvS6LJiEbLJawUt8tqPdlX78m9wLzdpjKsHNo2olASXvVkPt2BtaFymUXw4yM6zi6UPgm0iJIzfm4RJFUBKKtvJpSlnsfMbgaYNC6mff%2FGNJf3J5pp0a%2BIdhvAw1TNV72U9RxEIAS9hW8RHR8WKHcGFeaPyhEbT2DDK%2FIwbwIGI2Eu%2Bum%2FYA02xoIYg%3D%3D","environmentVariables":{"FIREBASE_CONFIG":"{\"projectId\":\"flying-pizzaa\",\"storageBucket\":\"flying-pizzaa.appspot.com\",\"locationId\":\"europe-west\"}","GCLOUD_PROJECT":"flying-pizzaa","EVENTARC_CLOUD_EVENT_SOURCE":"projects/flying-pizzaa/locations/europe-west1/functions/api"},"runtime":"nodejs16","buildId":"168c6de2-e707-4b4b-8af3-4481060e9bc7","buildName":"projects/642571995309/locations/europe-west1/builds/168c6de2-e707-4b4b-8af3-4481060e9bc7","dockerRegistry":"ARTIFACT_REGISTRY"},"versionId":"5","updateTime":"2023-04-15T16:20:35Z","buildId":"2db03c31-58a6-4754-82b3-fed2e0e272f6","buildName":"projects/642571995309/locations/europe-west1/builds/2db03c31-58a6-4754-82b3-fed2e0e272f6"}}
[debug] [2023-04-15T16:21:21.978Z] [update-default-europe-west1-api] Retrying task index 0
[debug] [2023-04-15T16:21:21.978Z] >>> [apiv2][query] GET https://cloudfunctions.googleapis.com/v1/operations/Zmx5aW5nLXBpenphYS9ldXJvcGUtd2VzdDEvYXBpL0hDbm1BR0ZBdHBJ [none]
[debug] [2023-04-15T16:21:22.237Z] <<< [apiv2][status] GET https://cloudfunctions.googleapis.com/v1/operations/Zmx5aW5nLXBpenphYS9ldXJvcGUtd2VzdDEvYXBpL0hDbm1BR0ZBdHBJ 200
[debug] [2023-04-15T16:21:22.238Z] <<< [apiv2][body] GET https://cloudfunctions.googleapis.com/v1/operations/Zmx5aW5nLXBpenphYS9ldXJvcGUtd2VzdDEvYXBpL0hDbm1BR0ZBdHBJ {"name":"operations/Zmx5aW5nLXBpenphYS9ldXJvcGUtd2VzdDEvYXBpL0hDbm1BR0ZBdHBJ","metadata":{"@type":"type.googleapis.com/google.cloud.functions.v1.OperationMetadataV1","target":"projects/flying-pizzaa/locations/europe-west1/functions/api","type":"UPDATE_FUNCTION","request":{"@type":"type.googleapis.com/google.cloud.functions.v1.CloudFunction","name":"projects/flying-pizzaa/locations/europe-west1/functions/api","httpsTrigger":{"url":"https://europe-west1-flying-pizzaa.cloudfunctions.net/api","securityLevel":"SECURE_ALWAYS"},"status":"ACTIVE","entryPoint":"api","updateTime":"2023-04-15T15:35:30.050Z","versionId":"4","labels":{"deployment-tool":"cli-firebase","firebase-functions-hash":"b55a56f74b655502ae1683beff98cec2ebbf6b5e"},"sourceUploadUrl":"https://storage.googleapis.com/uploads-779767178154.europe-west1.cloudfunctions.appspot.com/01a2800a-13d3-4bbd-a4df-998da51ec442.zip?GoogleAccessId=service-642571995309@gcf-admin-robot.iam.gserviceaccount.com&Expires=1681577431&Signature=KX0%2Bqq5akZQHgy0I47RvarsByhcwM3eHvM2YaeQDlcJ1edUD8luKHmcNui%2FV9PoGiWttyPhFsKfmVKNK3if601ajFrWRUstxGvQtDmIuy8TbM0pznaw4JQ6dboN%2FnUmtM4JQFN77R2itkoPHrjkQ0UFXp5cyvS6LJiEbLJawUt8tqPdlX78m9wLzdpjKsHNo2olASXvVkPt2BtaFymUXw4yM6zi6UPgm0iJIzfm4RJFUBKKtvJpSlnsfMbgaYNC6mff%2FGNJf3J5pp0a%2BIdhvAw1TNV72U9RxEIAS9hW8RHR8WKHcGFeaPyhEbT2DDK%2FIwbwIGI2Eu%2Bum%2FYA02xoIYg%3D%3D","environmentVariables":{"FIREBASE_CONFIG":"{\"projectId\":\"flying-pizzaa\",\"storageBucket\":\"flying-pizzaa.appspot.com\",\"locationId\":\"europe-west\"}","GCLOUD_PROJECT":"flying-pizzaa","EVENTARC_CLOUD_EVENT_SOURCE":"projects/flying-pizzaa/locations/europe-west1/functions/api"},"runtime":"nodejs16","buildId":"168c6de2-e707-4b4b-8af3-4481060e9bc7","buildName":"projects/642571995309/locations/europe-west1/builds/168c6de2-e707-4b4b-8af3-4481060e9bc7","dockerRegistry":"ARTIFACT_REGISTRY"},"versionId":"5","updateTime":"2023-04-15T16:20:35Z","buildId":"2db03c31-58a6-4754-82b3-fed2e0e272f6","buildName":"projects/642571995309/locations/europe-west1/builds/2db03c31-58a6-4754-82b3-fed2e0e272f6"}}
[debug] [2023-04-15T16:21:32.247Z] [update-default-europe-west1-api] Retrying task index 0
[debug] [2023-04-15T16:21:32.248Z] >>> [apiv2][query] GET https://cloudfunctions.googleapis.com/v1/operations/Zmx5aW5nLXBpenphYS9ldXJvcGUtd2VzdDEvYXBpL0hDbm1BR0ZBdHBJ [none]
[debug] [2023-04-15T16:21:33.129Z] <<< [apiv2][status] GET https://cloudfunctions.googleapis.com/v1/operations/Zmx5aW5nLXBpenphYS9ldXJvcGUtd2VzdDEvYXBpL0hDbm1BR0ZBdHBJ 200
[debug] [2023-04-15T16:21:33.129Z] <<< [apiv2][body] GET https://cloudfunctions.googleapis.com/v1/operations/Zmx5aW5nLXBpenphYS9ldXJvcGUtd2VzdDEvYXBpL0hDbm1BR0ZBdHBJ {"name":"operations/Zmx5aW5nLXBpenphYS9ldXJvcGUtd2VzdDEvYXBpL0hDbm1BR0ZBdHBJ","metadata":{"@type":"type.googleapis.com/google.cloud.functions.v1.OperationMetadataV1","target":"projects/flying-pizzaa/locations/europe-west1/functions/api","type":"UPDATE_FUNCTION","request":{"@type":"type.googleapis.com/google.cloud.functions.v1.CloudFunction","name":"projects/flying-pizzaa/locations/europe-west1/functions/api","httpsTrigger":{"url":"https://europe-west1-flying-pizzaa.cloudfunctions.net/api","securityLevel":"SECURE_ALWAYS"},"status":"ACTIVE","entryPoint":"api","updateTime":"2023-04-15T15:35:30.050Z","versionId":"4","labels":{"deployment-tool":"cli-firebase","firebase-functions-hash":"b55a56f74b655502ae1683beff98cec2ebbf6b5e"},"sourceUploadUrl":"https://storage.googleapis.com/uploads-779767178154.europe-west1.cloudfunctions.appspot.com/01a2800a-13d3-4bbd-a4df-998da51ec442.zip?GoogleAccessId=service-642571995309@gcf-admin-robot.iam.gserviceaccount.com&Expires=1681577431&Signature=KX0%2Bqq5akZQHgy0I47RvarsByhcwM3eHvM2YaeQDlcJ1edUD8luKHmcNui%2FV9PoGiWttyPhFsKfmVKNK3if601ajFrWRUstxGvQtDmIuy8TbM0pznaw4JQ6dboN%2FnUmtM4JQFN77R2itkoPHrjkQ0UFXp5cyvS6LJiEbLJawUt8tqPdlX78m9wLzdpjKsHNo2olASXvVkPt2BtaFymUXw4yM6zi6UPgm0iJIzfm4RJFUBKKtvJpSlnsfMbgaYNC6mff%2FGNJf3J5pp0a%2BIdhvAw1TNV72U9RxEIAS9hW8RHR8WKHcGFeaPyhEbT2DDK%2FIwbwIGI2Eu%2Bum%2FYA02xoIYg%3D%3D","environmentVariables":{"FIREBASE_CONFIG":"{\"projectId\":\"flying-pizzaa\",\"storageBucket\":\"flying-pizzaa.appspot.com\",\"locationId\":\"europe-west\"}","GCLOUD_PROJECT":"flying-pizzaa","EVENTARC_CLOUD_EVENT_SOURCE":"projects/flying-pizzaa/locations/europe-west1/functions/api"},"runtime":"nodejs16","buildId":"168c6de2-e707-4b4b-8af3-4481060e9bc7","buildName":"projects/642571995309/locations/europe-west1/builds/168c6de2-e707-4b4b-8af3-4481060e9bc7","dockerRegistry":"ARTIFACT_REGISTRY"},"versionId":"5","updateTime":"2023-04-15T16:20:35Z","buildId":"2db03c31-58a6-4754-82b3-fed2e0e272f6","buildName":"projects/642571995309/locations/europe-west1/builds/2db03c31-58a6-4754-82b3-fed2e0e272f6"}}
[debug] [2023-04-15T16:21:43.132Z] [update-default-europe-west1-api] Retrying task index 0
[debug] [2023-04-15T16:21:43.132Z] >>> [apiv2][query] GET https://cloudfunctions.googleapis.com/v1/operations/Zmx5aW5nLXBpenphYS9ldXJvcGUtd2VzdDEvYXBpL0hDbm1BR0ZBdHBJ [none]
[debug] [2023-04-15T16:21:44.086Z] <<< [apiv2][status] GET https://cloudfunctions.googleapis.com/v1/operations/Zmx5aW5nLXBpenphYS9ldXJvcGUtd2VzdDEvYXBpL0hDbm1BR0ZBdHBJ 200
[debug] [2023-04-15T16:21:44.086Z] <<< [apiv2][body] GET https://cloudfunctions.googleapis.com/v1/operations/Zmx5aW5nLXBpenphYS9ldXJvcGUtd2VzdDEvYXBpL0hDbm1BR0ZBdHBJ {"name":"operations/Zmx5aW5nLXBpenphYS9ldXJvcGUtd2VzdDEvYXBpL0hDbm1BR0ZBdHBJ","metadata":{"@type":"type.googleapis.com/google.cloud.functions.v1.OperationMetadataV1","target":"projects/flying-pizzaa/locations/europe-west1/functions/api","type":"UPDATE_FUNCTION","request":{"@type":"type.googleapis.com/google.cloud.functions.v1.CloudFunction","name":"projects/flying-pizzaa/locations/europe-west1/functions/api","httpsTrigger":{"url":"https://europe-west1-flying-pizzaa.cloudfunctions.net/api","securityLevel":"SECURE_ALWAYS"},"status":"ACTIVE","entryPoint":"api","updateTime":"2023-04-15T15:35:30.050Z","versionId":"4","labels":{"deployment-tool":"cli-firebase","firebase-functions-hash":"b55a56f74b655502ae1683beff98cec2ebbf6b5e"},"sourceUploadUrl":"https://storage.googleapis.com/uploads-779767178154.europe-west1.cloudfunctions.appspot.com/01a2800a-13d3-4bbd-a4df-998da51ec442.zip?GoogleAccessId=service-642571995309@gcf-admin-robot.iam.gserviceaccount.com&Expires=1681577431&Signature=KX0%2Bqq5akZQHgy0I47RvarsByhcwM3eHvM2YaeQDlcJ1edUD8luKHmcNui%2FV9PoGiWttyPhFsKfmVKNK3if601ajFrWRUstxGvQtDmIuy8TbM0pznaw4JQ6dboN%2FnUmtM4JQFN77R2itkoPHrjkQ0UFXp5cyvS6LJiEbLJawUt8tqPdlX78m9wLzdpjKsHNo2olASXvVkPt2BtaFymUXw4yM6zi6UPgm0iJIzfm4RJFUBKKtvJpSlnsfMbgaYNC6mff%2FGNJf3J5pp0a%2BIdhvAw1TNV72U9RxEIAS9hW8RHR8WKHcGFeaPyhEbT2DDK%2FIwbwIGI2Eu%2Bum%2FYA02xoIYg%3D%3D","environmentVariables":{"FIREBASE_CONFIG":"{\"projectId\":\"flying-pizzaa\",\"storageBucket\":\"flying-pizzaa.appspot.com\",\"locationId\":\"europe-west\"}","GCLOUD_PROJECT":"flying-pizzaa","EVENTARC_CLOUD_EVENT_SOURCE":"projects/flying-pizzaa/locations/europe-west1/functions/api"},"runtime":"nodejs16","buildId":"168c6de2-e707-4b4b-8af3-4481060e9bc7","buildName":"projects/642571995309/locations/europe-west1/builds/168c6de2-e707-4b4b-8af3-4481060e9bc7","dockerRegistry":"ARTIFACT_REGISTRY"},"versionId":"5","updateTime":"2023-04-15T16:20:35Z","buildId":"2db03c31-58a6-4754-82b3-fed2e0e272f6","buildName":"projects/642571995309/locations/europe-west1/builds/2db03c31-58a6-4754-82b3-fed2e0e272f6"}}
